<?xml version="1.0" encoding="UTF-8"?>
<testng-results ignored="0" total="2" passed="2" failed="0" skipped="0">
  <reporter-output>
  </reporter-output>
  <suite started-at="2021-09-26T18:28:35 IST" name="Default suite" finished-at="2021-09-26T18:28:35 IST" duration-ms="45">
    <groups>
    </groups>
    <test started-at="2021-09-26T18:28:35 IST" name="Default test" finished-at="2021-09-26T18:28:35 IST" duration-ms="45">
      <class name="mavenjava.navyaTest">
        <test-method signature="testmethod1()[pri:0, instance:mavenjava.navyaTest@5ace1ed4]" started-at="2021-09-26T18:28:35 IST" name="testmethod1" finished-at="2021-09-26T18:28:35 IST" duration-ms="7" status="PASS">
          <reporter-output>
          </reporter-output>
        </test-method> <!-- testmethod1 -->
        <test-method signature="testmethod2()[pri:0, instance:mavenjava.navyaTest@5ace1ed4]" started-at="2021-09-26T18:28:35 IST" name="testmethod2" finished-at="2021-09-26T18:28:35 IST" duration-ms="1" status="PASS">
          <reporter-output>
          </reporter-output>
        </test-method> <!-- testmethod2 -->
      </class> <!-- mavenjava.navyaTest -->
    </test> <!-- Default test -->
  </suite> <!-- Default suite -->
</testng-results>
